1 1 1 None
1001 170 515 72
2001 643 813 10
3001 1131 1226 10
4001 1503 1503 26
5001 1125 1540 8
6001 1588 1588 382
7001 1136 1910 11
8001 1192 2045 27
9001 1532 2149 33
10001 1138 2342 11
11001 2382 2451 510
12001 2548 2592 547
13001 635 2592 8
14001 1524 2592 32
15001 1523 2592 None
16001 1918 2601 423
17001 1381 2601 11
18001 2245 2601 25
19001 675 2609 11
20001 2323 2609 499
21001 2573 2609 553
22001 3103 3103 1204
23001 994 3378 28
24001 683 3602 15
25001 999 3602 29
26001 1386 3612 14
27001 2254 3612 27
28001 997 3622 28
29001 3503 3622 1270
30001 3114 3632 1207
31001 3543 3632 1279
32001 3870 3954 29
33001 632 4198 7
34001 4421 4421 8
35001 4684 4720 None
36001 4970 4970 None
37001 778 5188 27
38001 779 5188 27
39001 4655 5188 49
40001 4677 5188 39
41001 4016 5198 3049
42001 4315 5198 3110
43001 4459 5198 11
44001 3718 5207 3015
45001 4153 5207 3080
46001 1384 5207 None
47001 1389 5207 15
48001 5440 5440 32
49001 5644 5674 28
50001 5885 5885 1559
51001 1066 5981 None
52001 1354 5981 11
53001 4267 6120 19
54001 6283 6327 44
55001 6586 6586 1685
56001 6827 6827 1726
57001 6231 6947 1621
