
c:\projects\School\Research\Annie\workspaces\Python\InvTS\InvTL>c:\python24\python.exe InvTS.py --clean --verbose lm_py sample/tutorial/simple_db.invtl sample/tutorial/simple.invtl sample/tutorial/program.py sample/tutorial/driver.py sample/tutorial/output.py  
[InvTS:main:Warning] lm_object: None
[InvTS:main:event] Switching verbose mode on
[InvTS:main:status] sample/tutorial/program.py -> sample/tutorial/output.py using ruleset sample/tutorial/simple.invtl, driver is sample/tutorial/driver.py
[InvTS:main:event] Original input file has been saved to: sample/tutorial/program.py.backup
[InvTS:main:event] Wiping DB
[InvTS:ruleparser:status] Loading rules from sample/tutorial/simple.invtl
[InvTS:ruleparser:status] Loaded 1 rules
[InvTS:ruleparser:status] Loading rules from sample/tutorial/simple_db.invtl
[InvTS:ruleparser:status] Loaded 1 rules
> c:\projects\school\research\annie\workspaces\python\invts\invtl\lm_py\lm.py(47)get_basic_analyzed()
-> session=analysis.source.AnalysisSession()
(Pdb) code
nodes
lineno
lineno
_scope
varargs
_module_name
name
doc
argnames
_name_context
flags
lineno
kwargs
_qualified_name
decorators
code
nodes
expr
lineno
name
filename
nodes
attrname
expr
lineno
name
filename
flags
lineno
filename
lineno
filename
expr
lineno
name
filename
nodes
attrname
expr
lineno
name
filename
flags
lineno
filename
lineno
filename
lineno
filename
_scope
varargs
_module_name
name
doc
argnames
filename
_name_context
flags
lineno
kwargs
_qualified_name
decorators
code
nodes
expr
attrname
expr
lineno
name
filename
lineno
filename
nodes
lineno
flags
name
filename
lineno
filename
expr
lineno
name
filename
nodes
attrname
expr
lineno
name
filename
flags
lineno
filename
lineno
filename
expr
node
attrname
expr
lineno
name
filename
lineno
filename
lineno
star_args
dstar_args
args
filename
nodes
attrname
expr
lineno
name
filename
flags
lineno
filename
lineno
filename
expr
attrname
expr
lineno
name
filename
lineno
filename
nodes
attrname
expr
lineno
name
filename
flags
lineno
filename
lineno
filename
lineno
filename
_scope
varargs
_module_name
name
doc
argnames
filename
_name_context
flags
lineno
kwargs
_qualified_name
decorators
code
nodes
expr
lineno
name
filename
nodes
attrname
expr
lineno
name
filename
flags
lineno
filename
lineno
filename
expr
lineno
name
filename
nodes
attrname
expr
lineno
name
filename
flags
lineno
filename
lineno
filename
lineno
filename
_scope
varargs
_module_name
name
doc
argnames
filename
_name_context
flags
lineno
kwargs
_qualified_name
decorators
code
nodes
expr
lineno
value
filename
nodes
lineno
flags
name
filename
lineno
filename
expr
lineno
value
filename
nodes
lineno
flags
name
filename
lineno
filename
expr
lineno
name
filename
nodes
lineno
flags
name
filename
lineno
filename
test
expr
attrname
expr
lineno
name
filename
lineno
filename
ops
lineno
name
filename
lineno
filename
body
nodes
tests
expr
attrname
expr
lineno
name
filename
lineno
filename
ops
lineno
name
filename
lineno
filename
nodes
lineno
filename
lineno
filename
else_
lineno
filename
expr
attrname
expr
lineno
name
filename
lineno
filename
nodes
lineno
flags
name
filename
lineno
filename
lineno
filename
else_
lineno
filename
tests
expr
attrname
expr
lineno
name
filename
lineno
filename
ops
lineno
name
filename
lineno
filename
nodes
expr
attrname
expr
lineno
name
filename
lineno
filename
nodes
lineno
flags
name
filename
lineno
filename
expr
lineno
name
filename
nodes
attrname
expr
lineno
name
filename
flags
lineno
filename
lineno
filename
expr
node
attrname
expr
lineno
name
filename
lineno
filename
lineno
star_args
dstar_args
args
filename
nodes
attrname
expr
lineno
name
filename
flags
lineno
filename
lineno
filename
expr
attrname
expr
lineno
name
filename
lineno
filename
nodes
attrname
expr
lineno
name
filename
flags
lineno
filename
lineno
filename
lineno
filename
else_
lineno
filename
lineno
filename
_scope
varargs
_module_name
name
doc
argnames
filename
_name_context
flags
lineno
kwargs
_qualified_name
decorators
code
nodes
lineno
value
node
lineno
name
filename
lineno
star_args
dstar_args
args
filename
filename
lineno
filename
_scope
varargs
_module_name
name
doc
argnames
filename
_name_context
flags
lineno
kwargs
_qualified_name
decorators
code
nodes
lineno
value
lineno
name
filename
filename
lineno
filename
_scope
varargs
_module_name
name
doc
argnames
filename
_name_context
flags
lineno
kwargs
_qualified_name
decorators
code
nodes
lineno
filename
lineno
filename
_scope
varargs
_module_name
name
doc
argnames
filename
_name_context
flags
lineno
kwargs
_qualified_name
decorators
code
nodes
expr
lineno
value
filename
nodes
lineno
flags
name
filename
lineno
filename
expr
lineno
value
filename
nodes
lineno
flags
name
filename
lineno
filename
expr
lineno
name
filename
nodes
lineno
flags
name
filename
lineno
filename
test
expr
attrname
expr
lineno
name
filename
lineno
filename
ops
lineno
name
filename
lineno
filename
body
nodes
tests
expr
attrname
expr
lineno
name
filename
lineno
filename
ops
lineno
name
filename
lineno
filename
nodes
lineno
filename
lineno
filename
else_
lineno
filename
expr
attrname
expr
lineno
name
filename
lineno
filename
nodes
lineno
flags
name
filename
lineno
filename
lineno
filename
else_
lineno
filename
tests
expr
attrname
expr
lineno
name
filename
lineno
filename
ops
lineno
name
filename
lineno
filename
nodes
expr
attrname
expr
lineno
name
filename
lineno
filename
nodes
lineno
flags
name
filename
lineno
filename
expr
lineno
name
filename
nodes
attrname
expr
lineno
name
filename
flags
lineno
filename
lineno
filename
expr
node
attrname
expr
lineno
name
filename
lineno
filename
lineno
star_args
dstar_args
args
filename
nodes
attrname
expr
lineno
name
filename
flags
lineno
filename
lineno
filename
expr
attrname
expr
lineno
name
filename
lineno
filename
nodes
attrname
expr
lineno
name
filename
flags
lineno
filename
lineno
filename
lineno
filename
else_
lineno
filename
lineno
filename
_scope
varargs
_module_name
name
doc
argnames
filename
_name_context
flags
lineno
kwargs
_qualified_name
decorators
code
nodes
lineno
value
node
attrname
expr
lineno
name
filename
lineno
filename
lineno
star_args
dstar_args
args
filename
filename
lineno
filename
_scope
varargs
_module_name
name
doc
argnames
filename
_name_context
flags
lineno
kwargs
_qualified_name
decorators
code
nodes
expr
lineno
value
filename
nodes
lineno
flags
name
filename
lineno
filename
expr
lineno
name
filename
nodes
lineno
flags
name
filename
lineno
filename
test
expr
attrname
expr
lineno
name
filename
lineno
filename
ops
lineno
name
filename
lineno
filename
body
nodes
expr
attrname
expr
lineno
name
filename
lineno
filename
nodes
lineno
flags
name
filename
lineno
filename
node
lineno
name
filename
expr
lineno
value
filename
op
lineno
filename
lineno
filename
else_
lineno
filename
lineno
value
lineno
name
filename
filename
lineno
filename
_scope
varargs
_module_name
name
doc
argnames
filename
_name_context
flags
lineno
kwargs
_qualified_name
decorators
code
nodes
tests
node
lineno
name
filename
lineno
star_args
dstar_args
args
lineno
name
filename
lineno
name
filename
filename
nodes
lineno
value
node
lineno
name
filename
lineno
star_args
dstar_args
args
filename
filename
lineno
filename
else_
nodes
expr
lineno
name
filename
lineno
filename
lineno
filename
lineno
filename
lineno
filename
_scope
varargs
_module_name
name
doc
argnames
filename
_name_context
flags
lineno
kwargs
_qualified_name
decorators
code
nodes
lineno
value
node
lineno
name
filename
lineno
star_args
dstar_args
args
filename
filename
lineno
filename
_scope
varargs
_module_name
name
doc
argnames
filename
_name_context
flags
lineno
kwargs
_qualified_name
decorators
[InvTS:rule:status] Finding matches for : ($x for $x in $Set)
> c:\projects\school\research\annie\workspaces\python\invts\invtl\invts.py(191)do_rules()
-> for l in locs:
(Pdb) Terminate batch job (Y/N)? 
